         w __deregister_frame_info
         w __gnu_Unwind_Find_exidx
         w __register_frame_info
         w pthread_cancel
         w pthread_getspecific
         w pthread_key_create
         w pthread_key_delete
         w pthread_mutex_lock
         w pthread_mutex_unlock
         w pthread_setspecific
         w userAppExit
         w userAppInit
00000000 00000802 B __ctru_dev_utf16_buf
00000000 b _TLS_MODULE_BASE_
00000000 a shift
00000000 a shift
00000804 00000401 B __ctru_dev_path_buf
00100000 A __start__
00100000 T _start
00100008 T __service_ptr
0010000c T __apt_appid
00100010 T __heap_size
00100014 T __linear_heap_size
00100018 T __system_arglist
0010001c T __system_runflags
00100020 t startup
00100058 t ClearMem
0010006c t ClrLoop
00100094 T _init
001000b0 00000018 T compareScore(HIGH_SCORE const&, HIGH_SCORE const&)
001000c8 00000130 T split(char*, char)
001001f8 00000054 T getProfileName()
0010024c 000000a8 T getHighScores()
001002f4 00000030 T srv_get_microseconds()
00100324 00000054 T ClearScreenBuffer(gfxScreen_t)
00100378 00000044 T color_pixel(int, int, unsigned char, unsigned char, unsigned char, unsigned char*)
001003bc 000000e8 T drawImage(gfxScreen_t, void const*, int, int, int, int)
001004a4 00000048 T drawBackground(gfxScreen_t, void const*, int)
001004ec 000000e0 T srv_Flip()
001005cc 00000010 T memset(unsigned char*, int, unsigned int)
001005dc 00000048 T disableBacklight()
00100624 00000110 T Init()
00100734 000000a0 T Shutdown()
001007d4 000000fc T HandleWinLoseInput()
001008d0 000000a4 T CheckEntityCollisions(cSquare*, Direction)
00100974 00000030 T CheckEntityCollisions(cBlock*, Direction)
001009a4 00000058 T CheckWallCollisions(cSquare*, Direction)
001009fc 000000b0 T CheckWallCollisions(cBlock*, Direction)
00100aac 00000114 T CheckRotationCollisions(cBlock*, Direction)
00100bc0 000004ac T HandleGameInput()
0010106c 000001c8 T CheckCompletedLines()
00101234 000000e8 T ChangeFocusBlock()
0010131c 000003ac T saveHighScores(bool)
001016c8 000001d0 T loadHighScores()
00101898 000000f8 T addNewHighScore(int, int)
00101990 0000006c T GameWon()
001019fc 00000018 T CheckWin()
00101a14 0000006c T GameLost()
00101a80 00000084 T CheckLoss()
00101b04 000000ac T HandleBottomCollision()
00101bb0 00000674 t Game() [clone .part.0]
00102224 0000002c T Game()
00102250 T __aeabi_idiv
00102250 00000220 T __divsi3
00102258 t .divsi3_skip_div0_test
00102470 00000020 T __aeabi_idivmod
00102490 00000004 W __aeabi_idiv0
00102490 00000004 W __aeabi_ldiv0
00102494 T __aeabi_drsub
0010249c 000002b0 T __aeabi_dsub
0010249c 000002b0 T __subdf3
001024a0 000002ac T __adddf3
001024a0 000002ac T __aeabi_dadd
0010274c 00000024 T __aeabi_ui2d
0010274c 00000024 T __floatunsidf
00102770 00000028 T __aeabi_i2d
00102770 00000028 T __floatsidf
00102798 00000048 T __aeabi_f2d
00102798 00000048 T __extendsfdf2
001027e0 00000074 T __aeabi_ul2d
001027e0 00000074 T __floatundidf
001027f4 00000060 T __aeabi_l2d
001027f4 00000060 T __floatdidf
00102854 T __aeabi_ldivmod
00102928 T __aeabi_uldivmod
00102964 00000014 T __restore_core_regs
00102964 00000014 T restore_core_regs
00102978 T __gnu_Unwind_Restore_VFP
00102980 T __gnu_Unwind_Save_VFP
00102988 T __gnu_Unwind_Restore_VFP_D
00102990 T __gnu_Unwind_Save_VFP_D
00102998 T __gnu_Unwind_Restore_VFP_D_16_to_31
001029a0 T __gnu_Unwind_Save_VFP_D_16_to_31
001029a8 T __gnu_Unwind_Restore_WMMXD
001029ec T __gnu_Unwind_Save_WMMXD
00102a30 T __gnu_Unwind_Restore_WMMXC
00102a44 T __gnu_Unwind_Save_WMMXC
00102a58 00000024 T ___Unwind_RaiseException
00102a58 00000024 T _Unwind_RaiseException
00102a7c 00000024 T ___Unwind_Resume
00102a7c 00000024 T _Unwind_Resume
00102aa0 00000024 T ___Unwind_Resume_or_Rethrow
00102aa0 00000024 T _Unwind_Resume_or_Rethrow
00102ac4 00000024 T ___Unwind_ForcedUnwind
00102ac4 00000024 T _Unwind_ForcedUnwind
00102ae8 00000024 T ___Unwind_Backtrace
00102ae8 00000024 T _Unwind_Backtrace
00102b28 00000390 T strcmp
00102eb0 t .udivsi3_skip_div0_test
00102eb0 T __aeabi_uidiv
00102eb0 000001ec T __udivsi3
0010309c 00000020 T __aeabi_uidivmod
001030bc t __do_global_dtors_aux
001030fc t frame_dummy
00103128 000000e4 W cSquare::Draw()
0010320c 00000420 W cBlock::SetupSquares(int, int)
0010362c 00000154 W void std::vector<HIGH_SCORE, std::allocator<HIGH_SCORE> >::_M_realloc_insert<HIGH_SCORE const&>(__gnu_cxx::__normal_iterator<HIGH_SCORE*, std::vector<HIGH_SCORE, std::allocator<HIGH_SCORE> > >, HIGH_SCORE const&)
00103780 00000140 W void std::vector<cSquare*, std::allocator<cSquare*> >::_M_realloc_insert<cSquare* const&>(__gnu_cxx::__normal_iterator<cSquare**, std::vector<cSquare*, std::allocator<cSquare*> > >, cSquare* const&)
001038c0 00000080 W void std::__unguarded_linear_insert<__gnu_cxx::__normal_iterator<HIGH_SCORE*, std::vector<HIGH_SCORE, std::allocator<HIGH_SCORE> > >, __gnu_cxx::__ops::_Val_comp_iter<bool (*)(HIGH_SCORE const&, HIGH_SCORE const&)> >(__gnu_cxx::__normal_iterator<HIGH_SCORE*, std::vector<HIGH_SCORE, std::allocator<HIGH_SCORE> > >, __gnu_cxx::__ops::_Val_comp_iter<bool (*)(HIGH_SCORE const&, HIGH_SCORE const&)>)
00103940 000000d0 W void std::__insertion_sort<__gnu_cxx::__normal_iterator<HIGH_SCORE*, std::vector<HIGH_SCORE, std::allocator<HIGH_SCORE> > >, __gnu_cxx::__ops::_Iter_comp_iter<bool (*)(HIGH_SCORE const&, HIGH_SCORE const&)> >(__gnu_cxx::__normal_iterator<HIGH_SCORE*, std::vector<HIGH_SCORE, std::allocator<HIGH_SCORE> > >, __gnu_cxx::__normal_iterator<HIGH_SCORE*, std::vector<HIGH_SCORE, std::allocator<HIGH_SCORE> > >, __gnu_cxx::__ops::_Iter_comp_iter<bool (*)(HIGH_SCORE const&, HIGH_SCORE const&)>)
00103a10 00000050 W void std::__final_insertion_sort<__gnu_cxx::__normal_iterator<HIGH_SCORE*, std::vector<HIGH_SCORE, std::allocator<HIGH_SCORE> > >, __gnu_cxx::__ops::_Iter_comp_iter<bool (*)(HIGH_SCORE const&, HIGH_SCORE const&)> >(__gnu_cxx::__normal_iterator<HIGH_SCORE*, std::vector<HIGH_SCORE, std::allocator<HIGH_SCORE> > >, __gnu_cxx::__normal_iterator<HIGH_SCORE*, std::vector<HIGH_SCORE, std::allocator<HIGH_SCORE> > >, __gnu_cxx::__ops::_Iter_comp_iter<bool (*)(HIGH_SCORE const&, HIGH_SCORE const&)>)
00103a60 000001d8 W void std::__adjust_heap<__gnu_cxx::__normal_iterator<HIGH_SCORE*, std::vector<HIGH_SCORE, std::allocator<HIGH_SCORE> > >, int, HIGH_SCORE, __gnu_cxx::__ops::_Iter_comp_iter<bool (*)(HIGH_SCORE const&, HIGH_SCORE const&)> >(__gnu_cxx::__normal_iterator<HIGH_SCORE*, std::vector<HIGH_SCORE, std::allocator<HIGH_SCORE> > >, int, int, HIGH_SCORE, __gnu_cxx::__ops::_Iter_comp_iter<bool (*)(HIGH_SCORE const&, HIGH_SCORE const&)>)
00103c38 0000036c W void std::__introsort_loop<__gnu_cxx::__normal_iterator<HIGH_SCORE*, std::vector<HIGH_SCORE, std::allocator<HIGH_SCORE> > >, int, __gnu_cxx::__ops::_Iter_comp_iter<bool (*)(HIGH_SCORE const&, HIGH_SCORE const&)> >(__gnu_cxx::__normal_iterator<HIGH_SCORE*, std::vector<HIGH_SCORE, std::allocator<HIGH_SCORE> > >, __gnu_cxx::__normal_iterator<HIGH_SCORE*, std::vector<HIGH_SCORE, std::allocator<HIGH_SCORE> > >, int, __gnu_cxx::__ops::_Iter_comp_iter<bool (*)(HIGH_SCORE const&, HIGH_SCORE const&)>)
00103fa8 00000088 T main
00104030 0000006c t _GLOBAL__sub_I_Flips
0010409c 00000030 t _GLOBAL__sub_D_Flips
001040cc 0000051c t consoleHandleColorEsc
001045e8 000000b8 t consoleColorStateShift
001046a0 000001ac T consoleDrawChar
0010484c 00000124 T consolePrintChar
00104970 000006f4 T con_write
00105064 000000fc t newRow
00105160 0000018c T consoleInit
001052ec 000000b8 T consoleClear
001053a4 000000d0 t gfxPresentFramebuffer
00105474 00000010 T gfxSet3D
00105484 0000001c T gfxIsWide
001054a0 000000ec T gfxSetScreenFormat
0010558c 00000010 T gfxSetDoubleBuffering
0010559c 000000e0 T gfxInit
0010567c 00000010 T gfxInitDefault
0010568c 000000b4 T gfxExit
00105740 000000a0 T gfxGetFramebuffer
001057e0 00000104 T gfxFlushBuffers
001058e4 00000050 T gfxSwapBuffers
00105934 00000050 T gfxSwapBuffersGpu
00105984 0000004c T CFGU_GetConfigInfoBlk2
001059d0 00000c64 t gspHardwareInit
00106634 00000248 T gspInit
0010687c 000000f0 T gspExit
0010696c 00000010 T gspHasGpuRight
0010697c 000000a0 T gspPresentBuffer
00106a1c 00000044 T gspWaitForEvent
00106a60 00000004 W gxCmdQueueInterrupt
00106a64 00000158 t gspEventThreadMain
00106bbc 00000064 T GSPGPU_WriteHWRegs
00106c20 00000068 T GSPGPU_ReadHWRegs
00106c88 00000050 T GSPGPU_FlushDataCache
00106cd8 00000034 T GSPGPU_SetLcdForceBlack
00106d0c 00000068 T GSPGPU_AcquireRight
00106d74 00000048 T GSPGPU_ReleaseRight
00106dbc 0000007c T GSPGPU_ImportDisplayCaptureInfo
00106e38 0000002c T GSPGPU_SaveVramSysArea
00106e64 0000002c T GSPGPU_RestoreVramSysArea
00106e90 00000024 W hidShouldUseIrrst
00106eb4 0000018c T hidInit
00107040 000000e8 T hidExit
00107128 000002a4 T hidScanInput
001073cc 00000010 T hidKeysHeld
001073dc 00000010 T hidKeysDown
001073ec 00000010 T hidKeysUp
001073fc 000001ac t aptConvertScreenForCapture
001075a8 00000008 W aptDspSleep
001075b0 00000004 W aptDspWakeup
001075b4 00000004 W aptDspCancel
001075b8 00000158 T aptSendCommand
00107710 00000044 t aptExitProcess
00107754 0000038c T aptExit
00107ae0 000000e0 T aptHandleSleep
00107bc0 00000084 T APT_SleepIfShellClosed
00107c44 00000084 T aptSetSleepAllowed
00107cc8 00000084 T APT_UnlockTransition
00107d50 000004a4 t aptEventHandler
001081f4 000000b0 T APT_ReceiveParameter
001082a4 000000ac t aptReceiveParameter.constprop.0
00108350 000002ac t aptScreenTransfer
001085fc 00000320 t aptWaitForWakeUp.isra.0
0010891c 000000f8 T aptJumpToHomeMenu
00108a14 00000048 T aptMainLoop
00108a5c 0000022c T aptInit
00108c88 0000007c T APT_CheckNew3DS
00108d04 00000038 W __libctru_init
00108d3c 00000170 W __system_initArgv
00108eac T svcControlMemory
00108ecc T svcQueryMemory
00108efc T svcExitProcess
00108f04 T svcCreateThread
00108f24 T svcExitThread
00108f2c T svcSleepThread
00108f34 T svcReleaseMutex
00108f3c T svcCreateEvent
00108f50 T svcSignalEvent
00108f58 T svcClearEvent
00108f60 T svcMapMemoryBlock
00108f68 T svcUnmapMemoryBlock
00108f70 T svcCreateAddressArbiter
00108f84 T svcArbitrateAddressNoTimeout
00108f8c T svcCloseHandle
00108f94 T svcWaitSynchronization
00108f9c T svcWaitSynchronizationN
00108fc4 T svcDuplicateHandle
00108fd8 T svcGetSystemTick
00108fe0 T svcConnectToPort
00108ff4 T svcSendSyncRequest
00108ffc T svcGetResourceLimit
00109010 T svcGetResourceLimitLimitValues
00109018 T svcGetResourceLimitCurrentValues
00109020 T svcBreak
00109028 W initSystem
00109078 W __ctru_exit
0010908c 00000024 t addrMapNodeComparator(rbtree_node const*, rbtree_node const*)
001090b0 00000004 t addrMapNodeDestructor(rbtree_node*)
001090b4 0000024c T vramMemAlignAt
00109300 0000000c T vramAlloc
0010930c 00000090 T vramFree
0010939c 00000024 t addrMapNodeComparator(rbtree_node const*, rbtree_node const*)
001093c0 00000004 t addrMapNodeDestructor(rbtree_node*)
001093c4 00000120 T linearMemAlign
001094e4 00000008 T linearAlloc
001094ec 0000005c T linearFree
00109548 00000080 T MemPool::CoalesceRight(MemBlock*)
001095c8 0000016c T MemPool::Allocate(MemChunk&, unsigned long, int)
00109734 000000fc T MemPool::Deallocate(MemChunk const&)
00109830 00000030 T MemPool::GetFreeSpace()
00109860 0000000c T __sync_init
0010986c 00000018 T __sync_fini
00109884 0000002c T syncArbitrateAddress
001098b0 000000ac T LightLock_Lock
0010995c 00000040 T LightLock_Unlock
0010999c 00000030 T RecursiveLock_Lock
001099cc 00000054 T RecursiveLock_Unlock
00109a20 00000040 T LightEvent_Init
00109a60 000000a4 T LightEvent_Clear
00109b04 000000c8 T LightEvent_Signal
00109bcc 00000050 T LightEvent_TryWait
00109c1c 000000a0 T LightEvent_Wait
00109cbc 00000054 T osGetTimeRef
00109d10 000000ec T osGetTime
00109dfc 00000034 T __ctru_speedup_config
00109e30 0000012c T srvInit
00109f5c 00000058 T srvExit
00109fb4 00000060 T srvEnableNotification
0010a014 000000a0 T srvGetServiceHandleDirect
0010a0b4 00000038 T srvGetServiceHandle
0010a0ec 00000034 T srvSubscribe
0010a120 00000060 T srvReceiveNotification
0010a180 00000038 T srvPublishToSubscriber
0010a1b8 000001d8 T threadCreate
0010a390 0000002c T threadFree
0010a3bc 00000024 T threadJoin
0010a3e0 00000030 T threadGetCurrent
0010a410 00000040 T threadExit
0010a450 00000020 t _thread_begin
0010a470 000000b4 t mappableFindAddressWithin
0010a524 00000028 T mappableInit
0010a54c 00000080 T mappableAlloc
0010a5cc 00000004 T mappableFree
0010a5d0 00000160 T irrstInit
0010a730 000000cc T irrstExit
0010a7fc 000000b4 T irrstScanInput
0010a8b0 00000024 T irrstKeysHeld
0010a8d4 0000000c T srvPmGetSessionHandle
0010a8e0 00000074 T ptmSysmInit
0010a954 0000003c T ptmSysmExit
0010a990 00000034 T PTMSYSM_ConfigureNew3DSCPU
0010a9c4 00000010 T rbtree_init
0010a9d4 000001b0 t do_insert
0010ab84 00000008 T rbtree_insert
0010ab8c 00000090 T rbtree_rotate
0010ac1c 00000318 T rbtree_remove
0010af34 00000074 T rbtree_find
0010afa8 00000030 W __appInit
0010afd8 00000030 T __syscall_getreent
0010b008 00000064 T __syscall_gettod_r
0010b06c 00000004 T __syscall_lock_acquire
0010b070 00000004 T __syscall_lock_release
0010b074 00000004 T __syscall_lock_acquire_recursive
0010b078 00000004 T __syscall_lock_release_recursive
0010b07c 00000004 T __syscall_exit
0010b080 00000050 T initThreadVars
0010b0d0 00000080 T __system_initSyscalls
0010b150 000001e0 W __system_allocateHeaps
0010b330 00000030 W __appExit
0010b360 00000090 W __libctru_exit
0010b3f0 00000084 W envGetHandle
0010b474 00000050 W envDestroyHandles
0010b4c4 00000014 t archive_link
0010b4d8 00000014 t archive_dirreset
0010b4ec 00000014 t archive_chmod
0010b500 00000024 t error_cmp
0010b524 00000050 t archive_translate_error
0010b574 000000c8 t archive_seek
0010b63c 0000007c t _archiveInit.part.0
0010b6b8 000000c4 t archiveFindDevice.part.0
0010b77c 00000280 t archive_utf16path
0010b9fc 0000009c t _archiveUnmountDeviceStruct.part.0
0010ba98 00000014 t archive_fchmod
0010baac 00000014 t archive_statvfs
0010bac0 00000164 t _archiveMountDevice
0010bc24 000000e8 t archive_diropen
0010bd0c 000000a4 t archive_fstat
0010bdb0 0000006c t archive_fsync
0010be1c 0000006c t archive_close
0010be88 00000070 t archive_dirclose
0010bef8 000000e8 t sdmc_statvfs
0010bfe0 000000ec t archive_chdir
0010c0cc 0000007c t archive_ftruncate
0010c148 000000ac t archive_read
0010c1f4 000000a4 t archive_unlink
0010c298 000000bc t archive_rmdir
0010c354 000000dc t archive_mkdir
0010c430 00000194 t archive_stat
0010c5c4 00000160 t archive_dirnext
0010c724 00000124 t archive_write
0010c848 0000020c t archive_open
0010ca54 00000278 t archive_rename
0010cccc 0000019c T archiveMountSdmc
0010ce68 00000054 T archiveUnmountAll
0010cebc 000000cc T fsInit
0010cf88 0000003c T fsExit
0010cfc4 00000060 T fsExemptFromSession
0010d024 00000050 T fsUnexemptFromSession
0010d074 000000cc T FSUSER_OpenFile
0010d140 000000bc T FSUSER_DeleteFile
0010d1fc 000000f8 T FSUSER_RenameFile
0010d2f4 000000bc T FSUSER_DeleteDirectory
0010d3b0 000000d4 T FSUSER_CreateFile
0010d484 000000c4 T FSUSER_CreateDirectory
0010d548 000000f8 T FSUSER_RenameDirectory
0010d640 000000b4 T FSUSER_OpenDirectory
0010d6f4 00000094 T FSUSER_OpenArchive
0010d788 0000008c T FSUSER_CloseArchive
0010d814 00000074 T FSUSER_GetSdmcArchiveResource
0010d888 00000064 T FSUSER_IsSdmcWritable
0010d8ec 00000058 T FSFILE_Read
0010d944 00000060 T FSFILE_Write
0010d9a4 00000038 T FSFILE_GetSize
0010d9dc 00000028 T FSFILE_SetSize
0010da04 0000003c T FSFILE_Close
0010da40 00000024 T FSFILE_Flush
0010da64 00000050 T FSDIR_Read
0010dab4 0000003c T FSDIR_Close
0010daf0 0000005c T rbtree_node_next
0010db4c 000000c0 T utf8_to_utf16
0010dc0c 0000013c T decode_utf8
0010dd48 000000e8 T utf16_to_utf8
0010de30 T __aeabi_read_tp
0010de3c 00000054 T encode_utf16
0010de90 000000e0 T encode_utf8
0010df70 00000064 T decode_utf16
0010dfd4 00000004 T operator delete(void*)
0010dfd8 0000005c T operator new(unsigned int)
0010e034 00000004 T operator new[](unsigned int)
0010e038 0000002c T std::__throw_bad_alloc()
0010e064 0000002c T std::__throw_bad_array_new_length()
0010e090 00000040 T std::__throw_logic_error(char const*)
0010e0d0 00000040 T std::__throw_length_error(char const*)
0010e110 00000040 T std::__throw_out_of_range(char const*)
0010e150 00000010 T std::__throw_out_of_range_fmt(char const*, ...)
0010e160 0000000c T std::bad_alloc::what() const
0010e16c 00000020 T std::bad_alloc::~bad_alloc()
0010e16c 00000020 T std::bad_alloc::~bad_alloc()
0010e18c 0000002c T std::bad_alloc::~bad_alloc()
0010e1b8 0000000c T std::bad_array_new_length::what() const
0010e1c4 00000020 T std::bad_array_new_length::~bad_array_new_length()
0010e1c4 00000020 T std::bad_array_new_length::~bad_array_new_length()
0010e1e4 0000002c T std::bad_array_new_length::~bad_array_new_length()
0010e210 00000004 T operator delete(void*, unsigned int)
0010e214 0000000c W __gnu_cxx::__concurrence_lock_error::what() const
0010e220 0000000c W __gnu_cxx::__concurrence_unlock_error::what() const
0010e22c 00000020 W __gnu_cxx::__concurrence_lock_error::~__concurrence_lock_error()
0010e22c 00000020 W __gnu_cxx::__concurrence_lock_error::~__concurrence_lock_error()
0010e24c 0000002c W __gnu_cxx::__concurrence_lock_error::~__concurrence_lock_error()
0010e278 00000020 W __gnu_cxx::__concurrence_unlock_error::~__concurrence_unlock_error()
0010e278 00000020 W __gnu_cxx::__concurrence_unlock_error::~__concurrence_unlock_error()
0010e298 0000002c W __gnu_cxx::__concurrence_unlock_error::~__concurrence_unlock_error()
0010e2c4 0000002c W __gnu_cxx::__throw_concurrence_lock_error()
0010e2f0 0000002c W __gnu_cxx::__throw_concurrence_unlock_error()
0010e31c 00000118 t (anonymous namespace)::pool::free(void*) [clone .constprop.0]
0010e434 000000d4 t (anonymous namespace)::pool::allocate(unsigned int) [clone .constprop.0]
0010e508 00000044 T __cxa_allocate_exception
0010e54c 0000002c T __cxa_free_exception
0010e578 000001b4 t _GLOBAL__sub_I__ZN9__gnu_cxx9__freeresEv
0010e72c T __cxa_end_cleanup
0010e73c 00000134 T __cxa_type_match
0010e870 000000b4 T __cxa_begin_cleanup
0010e924 000000b4 T __gnu_end_cleanup
0010e9d8 00000004 T std::exception::~exception()
0010e9d8 00000004 T std::exception::~exception()
0010e9dc 00000004 T std::bad_exception::~bad_exception()
0010e9dc 00000004 T std::bad_exception::~bad_exception()
0010e9e0 0000000c T transaction clone for std::bad_exception::what() const
0010e9e0 0000000c T std::bad_exception::what() const
0010e9ec 00000018 T std::bad_exception::~bad_exception()
0010ea04 0000003c t eh_globals_dtor(void*)
0010ea40 00000038 T __cxa_get_globals_fast
0010ea78 00000074 T __cxa_get_globals
0010eaec 00000040 t _GLOBAL__sub_I__ZN17__eh_globals_init7_S_initE
0010eb2c 00000034 t _GLOBAL__sub_D__ZN17__eh_globals_init7_S_initE
0010eb60 0000016c t read_encoded_value_with_base(unsigned char, unsigned int, unsigned char const*, unsigned int*)
0010eccc 00000058 t base_of_encoded_value(unsigned char, _Unwind_Context*)
0010ed24 000000d8 t parse_lsda_header(_Unwind_Context*, unsigned char const*, lsda_header_info*)
0010edfc 000006a0 T __gxx_personality_v0
0010f49c 00000014 T __cxxabiv1::__terminate(void (*)())
0010f4b0 00000018 T std::terminate()
0010f4c8 0000000c T __cxxabiv1::__unexpected(void (*)())
0010f4d4 00000018 T std::unexpected()
0010f4ec 00000014 T std::get_terminate()
0010f500 00000014 T std::get_unexpected()
0010f514 00000060 t __gxx_exception_cleanup(_Unwind_Reason_Code, _Unwind_Control_Block*)
0010f574 00000054 T __cxa_init_primary_exception
0010f5c8 00000054 T __cxa_throw
0010f61c 000000b0 T __cxa_rethrow
0010f6cc 00000014 T std::get_new_handler()
0010f6e0 00000020 T __cxxabiv1::__si_class_type_info::~__si_class_type_info()
0010f6e0 00000020 T __cxxabiv1::__si_class_type_info::~__si_class_type_info()
0010f700 0000002c T __cxxabiv1::__si_class_type_info::~__si_class_type_info()
0010f72c 00000138 T __cxxabiv1::__si_class_type_info::__do_dyncast(int, __cxxabiv1::__class_type_info::__sub_kind, __cxxabiv1::__class_type_info const*, void const*, __cxxabiv1::__class_type_info const*, void const*, __cxxabiv1::__class_type_info::__dyncast_result&) const
0010f864 00000088 T __cxxabiv1::__si_class_type_info::__do_find_public_src(int, void const*, __cxxabiv1::__class_type_info const*, void const*) const
0010f8ec 00000044 T __cxxabiv1::__si_class_type_info::__do_upcast(__cxxabiv1::__class_type_info const*, void const*, __cxxabiv1::__class_type_info::__upcast_result&) const
0010f930 00000004 T std::type_info::~type_info()
0010f930 00000004 T std::type_info::~type_info()
0010f934 00000008 T std::type_info::__is_pointer_p() const
0010f934 00000008 T std::type_info::__is_function_p() const
0010f93c 00000008 T std::logic_error::what() const
0010f93c 00000008 T std::runtime_error::what() const
0010f944 00000098 T std::logic_error::~logic_error()
0010f944 00000098 T std::logic_error::~logic_error()
0010f9dc 00000098 T std::length_error::~length_error()
0010f9dc 00000098 T std::length_error::~length_error()
0010fa74 00000098 T std::out_of_range::~out_of_range()
0010fa74 00000098 T std::out_of_range::~out_of_range()
0010fb0c 000000a0 T std::logic_error::~logic_error()
0010fbac 000000a0 T std::length_error::~length_error()
0010fc4c 000000a0 T std::out_of_range::~out_of_range()
0010fcec 000000d4 T std::logic_error::logic_error(char const*)
0010fcec 000000d4 T std::logic_error::logic_error(char const*)
0010fdc0 00000020 T std::length_error::length_error(char const*)
0010fdc0 00000020 T std::length_error::length_error(char const*)
0010fde0 00000020 T std::out_of_range::out_of_range(char const*)
0010fde0 00000020 T std::out_of_range::out_of_range(char const*)
0010fe00 00000084 W std::string::_Rep::_S_create(unsigned int, unsigned int, std::allocator<char> const&)
0010fe84 00000004 W std::string::_Rep::_M_destroy(std::allocator<char> const&)
0010fe88 0000005c T __cxxabiv1::__class_type_info::__do_upcast(__cxxabiv1::__class_type_info const*, void**) const
0010fee4 00000014 T __cxxabiv1::__class_type_info::__do_find_public_src(int, void const*, __cxxabiv1::__class_type_info const*, void const*) const
0010fef8 00000020 T __cxxabiv1::__class_type_info::~__class_type_info()
0010fef8 00000020 T __cxxabiv1::__class_type_info::~__class_type_info()
0010ff18 0000002c T __cxxabiv1::__class_type_info::~__class_type_info()
0010ff44 00000064 T __cxxabiv1::__class_type_info::__do_upcast(__cxxabiv1::__class_type_info const*, void const*, __cxxabiv1::__class_type_info::__upcast_result&) const
0010ffa8 0000007c T __cxxabiv1::__class_type_info::__do_catch(std::type_info const*, void**, unsigned int) const
00110024 000000d4 T __cxxabiv1::__class_type_info::__do_dyncast(int, __cxxabiv1::__class_type_info::__sub_kind, __cxxabiv1::__class_type_info const*, void const*, __cxxabiv1::__class_type_info const*, void const*, __cxxabiv1::__class_type_info::__dyncast_result&) const
001100f8 00000070 t __cxxabiv1::__is_gxx_exception_class(char*)
00110168 0000002c T __cxa_call_terminate
00110194 00000150 T __cxa_call_unexpected
001102e4 000000cc T __cxa_begin_catch
001103b0 000000e0 T __cxa_end_catch
00110490 00000120 T __udivmoddi4
001105b0 00000018 t selfrel_offset31
001105c8 00000090 t search_EIT_table
00110658 00000040 t __gnu_unwind_get_pr_addr
00110698 0000010c t get_eit_entry
001107a4 00000088 t restore_non_core_regs
0011082c 00000014 t _Unwind_decode_typeinfo_ptr.constprop.0
00110840 00000004 t _Unwind_DebugHook
00110844 00000064 t unwind_phase2
001108a8 00000140 t unwind_phase2_forced
001109e8 000000a4 T __gnu_Unwind_RaiseException
00110a8c 00000028 T __gnu_Unwind_ForcedUnwind
00110ab4 00000074 T __gnu_Unwind_Resume
00110b28 00000020 T __gnu_Unwind_Resume_or_Rethrow
00110b48 00000004 T _Unwind_Complete
00110b4c 00000018 T _Unwind_DeleteException
00110b64 0000006c T _Unwind_VRS_Get
00110bd0 0000002c t _Unwind_GetGR
00110bfc 0000006c T _Unwind_VRS_Set
00110c68 0000002c t _Unwind_SetGR
00110c94 000000c0 T __gnu_Unwind_Backtrace
00110d54 00000410 t __gnu_unwind_pr_common
00111164 00000008 T __aeabi_unwind_cpp_pr0
0011116c 00000008 W __aeabi_unwind_cpp_pr1
00111174 00000008 W __aeabi_unwind_cpp_pr2
0011117c 00000424 T _Unwind_VRS_Pop
001115a0 00000064 t next_unwind_byte
00111604 0000002c t _Unwind_GetGR.constprop.0
00111630 00000004 t unwind_UCB_from_context
00111634 00000464 T __gnu_unwind_execute
00111a98 00000048 T __gnu_unwind_frame
00111ae0 00000010 T _Unwind_GetRegionStart
00111af0 0000001c T _Unwind_GetLanguageSpecificData
00111b0c 00000008 T _Unwind_GetDataRelBase
00111b14 00000008 T _Unwind_GetTextRelBase
00111b1c 00000034 T printf
00111b50 00000020 T memalign
00111b70 0000014c T _memalign_r
00111cbc 00000064 T sprintf
00111d20 000000e0 T _puts_r
00111e00 00000018 T puts
00111e18 00000078 T bsearch
00111e90 0000000c T atoi
00111e9c 00000014 T abort
00111eb0 0000000c T atol
00111ebc 00000020 T calloc
00111edc 000000c0 T _calloc_r
00111f9c 0000005c T __assert_func
00111ff8 0000025c T setvbuf
00112254 0000003c T fiprintf
00112290 00000004 W __call_exitprocs
00112294 00000030 T exit
001122c4 000000f8 T _malloc_trim_r
001123bc 000002e8 T _free_r
001126a4 00000130 T strchr
001127d4 000000d8 T memcmp
001128ac 00000148 T _fclose_r
001129f4 00000018 T fclose
00112a0c 0000064c t get_arg
00113058 00003324 T _svfprintf_r
0011637c 00000018 T malloc
00116394 00000018 T free
001163ac 0000079c T _malloc_r
00116b48 00000024 T getenv
00116b6c 00000150 T memmove
00116cbc 000000c8 T _findenv_r
00116d84 000000f4 T memset
00116e78 0000000c T __malloc_lock
00116e84 0000000c T __malloc_unlock
00116e90 0000064c t get_arg
001174e0 00003378 T _vfprintf_r
0011a858 000000b8 t __sbprintf
0011a910 00000090 T _raise_r
0011a9a0 00000018 T raise
0011a9b8 00000090 T strlen
0011aa48 0000012c T _fopen_r
0011ab74 00000020 T fopen
0011ab94 0000022c T __sflush_r
0011adc0 00000094 T _fflush_r
0011ae54 00000018 T strdup
0011ae6c 0000003c T fprintf
0011aea8 000000b4 T fgetc
0011af5c 00000044 T _strdup_r
0011afa0 00000094 T fputc
0011b034 000000e4 T strncat
0011b118 000004b4 T __sfvwrite_r
0011b5cc 000000e4 T strncmp
0011b6b0 00000070 T _fwalk_sglue
0011b720 000004a0 T _realloc_r
0011bbc0 000000c4 T strncpy
0011bc84 0000001c t stdio_exit_handler
0011bca0 0000005c t cleanup_stdio
0011bcfc 00000154 t global_stdio_init.part.0
0011be50 00000134 T __sfp
0011bf84 0000005c T __sinit
0011bfe0 0000000c T __sfp_lock_acquire
0011bfec 0000000c T __sfp_lock_release
0011bff8 0000001c T srand
0011c014 00000044 T rand
0011c058 0000002c T strtok
0011c084 00000048 T strnlen
0011c0cc 000000bc T __strtok_r
0011c188 0000001c T _fseek_r
0011c1a4 000001b0 t _strtol_l.part.0
0011c354 00000064 T strtol
0011c3b8 00000020 T realloc
0011c3d8 000001d8 t _strtoul_l.isra.0
0011c5b0 00000034 T strtoul
0011c5e4 00000024 T __locale_mb_cur_max
0011c608 0000004c T time
0011c654 00000024 T _localeconv_r
0011c678 000000f0 T strcpy
0011c768 000000e0 T memchr
0011c848 000000f0 T __utf8_wctomb
0011c938 0000011c T memcpy
0011ca54 00000084 T __libc_init_array
0011cad8 0000003c T __libc_fini_array
0011cb14 0000000c T __errno
0011cb20 00000088 T frexp
0011cba8 0000012c T __smakebuf_r
0011ccd4 0000008c T __swhatbuf_r
0011cd60 000000a0 T _wcrtomb_r
0011ce00 00000028 T _wcsrtombs_r
0011ce28 000000dc T _putc_r
0011cf04 00000050 T __srget_r
0011cf54 00000038 t lflush
0011cf8c 0000019c T __srefill_r
0011d128 00000044 T __sread
0011d16c 00000068 T __swrite
0011d1d4 00000044 T __sseek
0011d218 00000008 T __sclose
0011d220 0000000c T __env_lock
0011d22c 0000000c T __env_unlock
0011d238 0000064c t get_arg
0011d884 00000030 T __sprint_r
0011d8b4 00002304 T _vfiprintf_r
0011fbb8 000000b8 t __sbprintf
0011fc70 0000018c T __ssprint_r
0011fdfc 00000108 T __swbuf_r
0011ff04 00000138 T __swsetup_r
0012003c 000001b4 t quorem
001201f0 00001218 T _dtoa_r
00121408 00000590 T _fseeko_r
00121998 000000b4 T __sflags
00121a4c 00000088 T _Balloc
00121ad4 0000001c T _Bfree
00121af0 000000f4 T __multadd
00121be4 00000060 T __hi0bits
00121c44 0000009c T __lo0bits
00121ce0 000000a4 T __i2b
00121d84 00000204 T __multiply
00121f88 00000128 T __pow5mult
001220b0 00000140 T __lshift
001221f0 00000058 T __mcmp
00122248 000001fc T __mdiff
00122444 00000124 T __d2b
00122568 000002f8 T __utf8_mbtowc
00122860 00000188 T _wcsnrtombs_l
001229e8 00000064 T _wcsnrtombs_r
00122a4c 00000020 T _exit
00122a6c 0000013c T chdir
00122ba8 000001cc T _concatenate_path
00122d74 00000078 T _fstat_r
00122dec 00000014 T _getpid_r
00122e00 0000002c T __getreent
00122e2c 00000030 T _gettimeofday_r
00122e5c 0000008c T __release_handle
00122ee8 000000b0 T __alloc_handle
00122f98 0000003c T __get_handle
00122fd4 000000f4 T _close_r
001230c8 00000008 t null_write
001230d0 00000018 T setDefaultDevice
001230e8 000000c8 T FindDevice
001231b0 00000028 T RemoveDevice
001231d8 0000009c T AddDevice
00123274 00000020 T GetDeviceOpTab
00123294 00000008 T _isatty_r
0012329c 00000014 T _kill_r
001232b0 00000084 T _lseek_r
00123334 000000bc T _open_r
001233f0 00000080 T _read_r
00123470 00000078 W _sbrk_r
001234e8 0000001c T __libc_lock_acquire
00123504 0000001c T __libc_lock_release
00123520 0000001c T __libc_lock_acquire_recursive
0012353c 0000001c T __libc_lock_release_recursive
00123558 00000080 T _write_r
001235d8 00000048 T strrchr
00123620 T _fini
0012400c R background_bgr
0016a50c R background_bgr_end
0016a50c R block_blue_bgr
0016a764 R block_blue_bgr_end
0016a764 R block_green_bgr
0016a9bc R block_green_bgr_end
0016a9bc R block_lightblue_bgr
0016ac14 R block_lightblue_bgr_end
0016ac14 R block_orange_bgr
0016ae6c R block_orange_bgr_end
0016ae6c R block_purple_bgr
0016b0c4 R block_purple_bgr_end
0016b0c4 R block_red_bgr
0016b31c R block_red_bgr_end
0016b31c R block_yellow_bgr
0016b574 R block_yellow_bgr_end
0016b9e0 r .LC2
0016ba80 00000080 r dotab_stdout
0016bb00 00000018 r grayScale
0016bb18 00000006 r colorCube
0016bb20 00000030 r colorTable
0016bb50 00000008 r morton_y.2
0016bb58 00000008 r morton_x.3
0016bb60 00000008 r s_sleepWakeEvents.4
0016bb68 R default_font_bin
0016c368 R default_font_bin_end
0016c368 00000030 r error_table
0016c398 00000080 r archive_devoptab
0016c418 0000000d R typeinfo name for std::bad_alloc
0016c428 0000000c R typeinfo for std::bad_alloc
0016c434 00000014 R vtable for std::bad_alloc
0016c448 00000019 R typeinfo name for std::bad_array_new_length
0016c464 0000000c R typeinfo for std::bad_array_new_length
0016c470 00000014 R vtable for std::bad_array_new_length
0016c484 00000027 V typeinfo name for __gnu_cxx::__concurrence_lock_error
0016c4ac 0000000c V typeinfo for __gnu_cxx::__concurrence_lock_error
0016c4b8 00000029 V typeinfo name for __gnu_cxx::__concurrence_unlock_error
0016c4e4 0000000c V typeinfo for __gnu_cxx::__concurrence_unlock_error
0016c4f0 00000014 V vtable for __gnu_cxx::__concurrence_lock_error
0016c504 00000014 V vtable for __gnu_cxx::__concurrence_unlock_error
0016c518 0000000d R typeinfo name for std::exception
0016c528 00000008 R typeinfo for std::exception
0016c530 00000012 R typeinfo name for std::bad_exception
0016c544 0000000c R typeinfo for std::bad_exception
0016c550 00000020 R typeinfo name for __cxxabiv1::__forced_unwind
0016c570 00000008 R typeinfo for __cxxabiv1::__forced_unwind
0016c578 00000024 R typeinfo name for __cxxabiv1::__foreign_exception
0016c59c 00000008 R typeinfo for __cxxabiv1::__foreign_exception
0016c5a4 00000014 R vtable for std::bad_exception
0016c5b8 00000025 R typeinfo name for __cxxabiv1::__si_class_type_info
0016c5e0 0000000c R typeinfo for __cxxabiv1::__si_class_type_info
0016c5ec 0000002c R vtable for __cxxabiv1::__si_class_type_info
0016c618 0000000d R typeinfo name for std::type_info
0016c628 00000008 R typeinfo for std::type_info
0016c630 00000010 R typeinfo name for std::logic_error
0016c640 0000000c R typeinfo for std::logic_error
0016c64c 00000011 R typeinfo name for std::length_error
0016c660 0000000c R typeinfo for std::length_error
0016c66c 00000011 R typeinfo name for std::out_of_range
0016c680 0000000c R typeinfo for std::out_of_range
0016c68c 00000014 R vtable for std::logic_error
0016c6a0 00000014 R vtable for std::length_error
0016c6b4 00000014 R vtable for std::out_of_range
0016c6c8 00000022 R typeinfo name for __cxxabiv1::__class_type_info
0016c6ec 0000000c R typeinfo for __cxxabiv1::__class_type_info
0016c6f8 0000002c R vtable for __cxxabiv1::__class_type_info
0016c760 00000010 r zeroes.0
0016c770 00000010 r blanks.1
0016c780 00000010 r zeroes.0
0016c790 00000010 r blanks.1
0016c7a0 00000101 R _ctype_
0016c8a4 00000010 r zeroes.0
0016c8b4 00000010 r blanks.1
0016c8c4 0000006c R __action_table
0016c930 0000006c R __state_table
0016c99c 00000100 R __chclass
0016ca9c 0000000c r p05.0
0016caa8 00000028 R __mprec_bigtens
0016cad0 000000c8 R __mprec_tens
0016cb98 00000080 R dotab_stdnull
0016cc18 R __tdata_align
0016cc1c r __EH_FRAME_BEGIN__
0016cd18 R __exidx_start
0016cf10 R __exidx_end
0016d000 00000004 D g_Level
0016d004 00000004 D g_FocusBlockSpeed
0016d008 00000001 D started
0016d00c 00000004 d Game()::slide_counter
0016d010 00000001 d firstConsoleInit.0
0016d014 00000004 D currentConsole
0016d018 00000048 D defaultConsole
0016d060 00000004 d kCount
0016d064 00000004 d kInterval
0016d068 00000004 d kDelay
0016d06c 00000004 d aptChainloadDeliverArgSize
0016d070 W __stacksize__
0016d074 00000004 D __cxxabiv1::__unexpected_handler
0016d078 00000004 D __cxxabiv1::__terminate_handler
0016d07c 00000004 D __malloc_sbrk_base
0016d080 00000004 D __malloc_trim_threshold
0016d088 00000408 D __malloc_av_
0016d490 0000000c D __sglue
0016d49c 0000016c D __global_locale
0016d608 00000004 D _impure_ptr
0016d610 00000120 D _impure_data
0016d730 00000004 D environ
0016d734 00000400 d _current_working_directory
0016db34 00001000 d handles
0016eb34 0000000c d __stderr_handle
0016eb40 0000000c d __stdout_handle
0016eb4c 0000000c d __stdin_handle
0016eb58 0000008c D devoptab_list
0016ebe4 00000004 d defaultDevice
0016ebf0 d _GLOBAL_OFFSET_TABLE_
0016ebfc d __frame_dummy_init_array_entry
0016ebfc D __init_array_start
0016ebfc B __preinit_array_end
0016ebfc B __preinit_array_start
0016ebfc D __tdata_lma
0016ebfc D __tdata_lma_end
0016ec0c d __do_global_dtors_aux_fini_array_entry
0016ec0c D __fini_array_start
0016ec0c D __init_array_end
0016ec18 D __bss_start__
0016ec18 D __fini_array_end
0016ec18 0000000c B highScores
0016ec28 00000008 B ctrticks
0016ec30 00000008 B Ticks
0016ec38 00000004 B Flips
0016ec40 00000008 B FirstFlipTime
0016ec48 00000008 B FPStime
0016ec50 00000004 B FPSflips
0016ec58 00000008 B CurrentFPS
0016ec60 00000001 B down_pressed
0016ec61 00000001 B left_pressed
0016ec62 00000001 B right_pressed
0016ec64 00000004 B g_Score
0016ec68 00000004 B g_FocusBlock
0016ec6c 00000004 B g_NextBlock
0016ec70 0000000c B g_OldSquares
0016ec7c 00000001 B quit
0016ec7d 00000001 B paused
0016ec80 00000008 B g_KeyPressTimer
0016ec88 00000004 b Game()::force_down_counter
0016ec8c 00000004 B g_Timer
0016ec90 00000004 B threadRequest
0016ec94 00000004 B threadHandle
0016ec98 b completed.1
0016ec9c b object.0
0016ecb4 0000001c b escapeSeq
0016ecd0 00000048 B currentCopy
0016ed18 00000004 b screenAlloc
0016ed1c 00000004 b screenFree
0016ed20 00000002 b gfxIsDoubleBuf
0016ed24 00000002 b gfxCurBuf
0016ed26 00000001 b gfxIsVram
0016ed27 00000001 b gfxTopMode
0016ed28 00000002 b gfxFramebufferFormats
0016ed2c 00000004 b gfxBottomFramebufferMaxSize
0016ed30 00000004 b gfxTopFramebufferMaxSize
0016ed38 00000008 b gfxBottomFramebuffers
0016ed40 00000008 b gfxTopFramebuffers
0016ed48 00000004 b cfguHandle
0016ed4c 00000007 b gspEventCbOneShot
0016ed54 0000001c b gspEventCbData
0016ed70 0000001c b gspEventCb
0016ed8c 00000038 b gspEvents
0016edc4 00000004 b gspLastEvent
0016edc8 00000001 b gspRunEvents
0016edcc 00000004 b gspEventThread
0016edd0 00000004 b gspEvent
0016edd4 00000001 b gspGpuRight
0016edd5 00000001 b gspThreadId
0016edd8 00000004 b gspSharedMem
0016eddc 00000004 b gspSharedMemHandle
0016ede0 00000004 b gspRefCount
0016ede4 00000004 b gspGpuHandle
0016ede8 00000001 b usingIrrst
0016edec 00000004 b hidRefCount
0016edf0 00000006 b gRate
0016edf8 00000006 b aVec
0016ee00 00000004 b cPos
0016ee04 00000004 b tPos
0016ee08 00000004 b kRepeat
0016ee0c 00000004 b kUp
0016ee10 00000004 b kDown
0016ee14 00000004 b kHeld
0016ee18 00000004 b kOld
0016ee1c 00000004 B hidSharedMem
0016ee20 00000014 B hidEvents
0016ee34 00000004 B hidMemHandle
0016ee38 00000004 B hidHandle
0016ee3c 00000001 b flagValue.0
0016ee3d 00000001 b flagInit.1
0016ee40 00000004 b serviceName.6
0016ee44 00000001 b aptChainloadFlags
0016ee45 00000001 b aptChainloadMediatype
0016ee48 00000020 b aptChainloadHmac
0016ee68 00000300 b aptChainloadDeliverArg
0016f168 00000008 b aptChainloadTid
0016f170 00001000 b aptParameters
00170170 00000004 b aptFlags
00170174 00000001 b aptHomeButtonState
00170178 00000004 b aptMessageFuncData
0017017c 00000004 b aptMessageFunc
00170180 0000000c b aptFirstHook
0017018c 00000001 b aptEventHandlerThreadQuit
00170190 00000004 b aptEventHandlerThread
00170194 00000008 b aptSleepEvent
0017019c 00000008 b aptReceiveEvent
001701a4 00000008 b aptEvents
001701ac 00000004 b aptLockHandle
001701b0 00000004 b aptRefCount
001701b4 00000004 B __system_retAddr
001701b8 00000004 B __system_argv
001701bc 00000004 B __system_argc
001701c0 b saved_stack
001701c8 00000008 b sVramPoolB
001701d0 00000008 b sVramPoolA
001701d8 0000000c b sAddrMap
001701e8 00000008 b sLinearPool
001701f0 0000000c b sAddrMap
001701fc 00000004 b arbiter
00170200 00000001 V __ctru_speedup
00170204 00000004 B __3dslink_host
00170208 00000004 b srvRefCount
0017020c 00000004 b srvHandle
00170210 00000004 b currentAddr
00170214 00000004 b maxAddr
00170218 00000004 b minAddr
0017021c 00000004 b irrstRefCount
00170220 00000004 b csPos
00170224 00000004 b kHeld
00170228 00000004 B irrstSharedMem
0017022c 00000004 B irrstEvent
00170230 00000004 B irrstMemHandle
00170234 00000004 B irrstHandle
00170238 00000004 b srvPmHandle
0017023c 00000004 b ptmSysmRefCount
00170240 00000004 b ptmSysmHandle
00170244 00000004 V __ctru_linear_heap_size
00170248 00000004 V __ctru_heap_size
0017024c 00000004 B __ctru_linear_heap
00170250 00000004 B __ctru_heap
00170258 000005c0 b archive_devices
00170818 00000004 b archive_device_cwd
0017081c 00000001 b archive_initialized
00170820 00000080 b fsExemptArchives
001708a0 00000004 b fsuRefCount
001708a4 00000004 b fsuHandle
001708a8 0000001c b (anonymous namespace)::emergency_pool
001708c4 00000004 b init
001708c8 00000001 B __eh_globals_init::_S_init
001708cc 0000000c b (anonymous namespace)::eh_globals
001708d8 00000004 b (anonymous namespace)::__new_handler
001708dc 00000010 V std::string::_Rep::_S_empty_rep_storage
001708ec 00000028 B __malloc_current_mallinfo
00170914 00000004 B __malloc_max_total_mem
00170918 00000004 B __malloc_max_sbrked_mem
0017091c 00000004 B __malloc_top_pad
00170920 0000000c b __malloc_recursive_mutex
0017092c 0000000c b __sfp_recursive_mutex
00170938 00000168 B __sf
00170aa0 00000004 B __stdio_exit_handler
00170aa4 00000004 b initial_env
00170aa8 0000000c b __env_recursive_mutex
00170ab4 00000400 b temp_cwd
00170eb4 00000004 b __hndl_lock
00170eb8 00000004 B fake_heap_start
00170ebc 00000004 B fake_heap_end
00170ec0 00000004 b heap_start.0
00170ec4 B __tls_start
00171acc B __bss_end__
00171acc A __end__
00171acc B __tls_end
